<?xml version="1.0" encoding="UTF-8"?>
<testng-results skipped="0" failed="0" ignored="0" total="2" passed="2">
  <reporter-output>
  </reporter-output>
  <suite name="Surefire suite" duration-ms="12001" started-at="2022-01-29T06:37:23Z" finished-at="2022-01-29T06:37:35Z">
    <groups>
      <group name="cucumber">
        <method signature="AbstractTestNGCucumberTests.runScenario(io.cucumber.testng.PickleWrapper, io.cucumber.testng.FeatureWrapper)[pri:0, instance:runner.RunTest@5974109]" name="runScenario" class="io.cucumber.testng.AbstractTestNGCucumberTests"/>
      </group> <!-- cucumber -->
    </groups>
    <test name="Surefire test" duration-ms="12001" started-at="2022-01-29T06:37:23Z" finished-at="2022-01-29T06:37:35Z">
      <class name="services.IncidentTests">
        <test-method status="PASS" signature="setUp()[pri:0, instance:services.IncidentTests@fd8294b]" name="setUp" is-config="true" duration-ms="665" started-at="2022-01-29T06:37:22Z" finished-at="2022-01-29T06:37:23Z">
          <reporter-output>
          </reporter-output>
        </test-method> <!-- setUp -->
        <test-method status="PASS" signature="getIncidents()[pri:0, instance:services.IncidentTests@fd8294b]" name="getIncidents" duration-ms="5753" started-at="2022-01-29T06:37:29Z" finished-at="2022-01-29T06:37:35Z">
          <reporter-output>
          </reporter-output>
        </test-method> <!-- getIncidents -->
      </class> <!-- services.IncidentTests -->
      <class name="runner.RunTest">
        <test-method status="PASS" signature="setUpClass()[pri:0, instance:runner.RunTest@5974109]" name="setUpClass" is-config="true" duration-ms="222" started-at="2022-01-29T06:37:23Z" finished-at="2022-01-29T06:37:23Z">
          <reporter-output>
          </reporter-output>
        </test-method> <!-- setUpClass -->
        <test-method status="PASS" signature="runScenario(io.cucumber.testng.PickleWrapper, io.cucumber.testng.FeatureWrapper)[pri:0, instance:runner.RunTest@5974109]" name="runScenario" duration-ms="5997" started-at="2022-01-29T06:37:23Z" description="Runs Cucumber Scenarios" data-provider="scenarios" finished-at="2022-01-29T06:37:29Z">
          <params>
            <param index="0">
              <value>
                <![CDATA["Create a new incident with short description"]]>
              </value>
            </param>
            <param index="1">
              <value>
                <![CDATA["Create New Incident"]]>
              </value>
            </param>
          </params>
          <reporter-output>
          </reporter-output>
        </test-method> <!-- runScenario -->
        <test-method status="PASS" signature="tearDownClass()[pri:0, instance:runner.RunTest@5974109]" name="tearDownClass" is-config="true" duration-ms="2" started-at="2022-01-29T06:37:29Z" finished-at="2022-01-29T06:37:29Z">
          <reporter-output>
          </reporter-output>
        </test-method> <!-- tearDownClass -->
      </class> <!-- runner.RunTest -->
    </test> <!-- Surefire test -->
  </suite> <!-- Surefire suite -->
</testng-results>
